This is pdfTeX, Version 3.14159265-2.6-1.40.20 (MiKTeX 2.9.7050 64-bit) (preloaded format=pdflatex 2019.6.26)  26 JUN 2019 19:57
entering extended mode
**./index.tex
(index.tex
LaTeX2e <2018-12-01>

("C:\Users\alumno\AppData\Local\Programs\MiKTeX 2.9\tex/latex/elsarticle\elsart
icle.cls"
Document Class: elsarticle 2019/02/25, 3.2: Elsevier Ltd
\@bls=\dimen102
("C:\Users\alumno\AppData\Local\Programs\MiKTeX 2.9\tex/latex/base\article.cls"
Document Class: article 2018/09/03 v1.4i Standard LaTeX document class
("C:\Users\alumno\AppData\Local\Programs\MiKTeX 2.9\tex/latex/base\size12.clo"
File: size12.clo 2018/09/03 v1.4i Standard LaTeX file (size option)
)
\c@part=\count80
\c@section=\count81
\c@subsection=\count82
\c@subsubsection=\count83
\c@paragraph=\count84
\c@subparagraph=\count85
\c@figure=\count86
\c@table=\count87
\abovecaptionskip=\skip41
\belowcaptionskip=\skip42
\bibindent=\dimen103
)
("C:\Users\alumno\AppData\Local\Programs\MiKTeX 2.9\tex/latex/graphics\graphicx
.sty"
Package: graphicx 2017/06/01 v1.1a Enhanced LaTeX Graphics (DPC,SPQR)

("C:\Users\alumno\AppData\Local\Programs\MiKTeX 2.9\tex/latex/graphics\keyval.s
ty"
Package: keyval 2014/10/28 v1.15 key=value parser (DPC)
\KV@toks@=\toks14
)
("C:\Users\alumno\AppData\Local\Programs\MiKTeX 2.9\tex/latex/graphics\graphics
.sty"
Package: graphics 2017/06/25 v1.2c Standard LaTeX Graphics (DPC,SPQR)

("C:\Users\alumno\AppData\Local\Programs\MiKTeX 2.9\tex/latex/graphics\trig.sty
"
Package: trig 2016/01/03 v1.10 sin cos tan (DPC)
)
("C:\Users\alumno\AppData\Local\Programs\MiKTeX 2.9\tex/latex/graphics-cfg\grap
hics.cfg"
File: graphics.cfg 2016/06/04 v1.11 sample graphics configuration
)
Package graphics Info: Driver file: pdftex.def on input line 99.

("C:\Users\alumno\AppData\Local\Programs\MiKTeX 2.9\tex/latex/graphics-def\pdft
ex.def"
File: pdftex.def 2018/01/08 v1.0l Graphics/color driver for pdftex
))
\Gin@req@height=\dimen104
\Gin@req@width=\dimen105
)
\c@tnote=\count88
\c@fnote=\count89
\c@cnote=\count90
\c@ead=\count91
\c@author=\count92
\@eadauthor=\toks15
\c@affn=\count93
\absbox=\box27
\elsarticlehighlightsbox=\box28
\elsarticlegrabsbox=\box29
\keybox=\box30
\Columnwidth=\dimen106
\space@left=\dimen107
\els@boxa=\box31
\els@boxb=\box32
\leftMargin=\dimen108
\@enLab=\toks16
\@sep=\skip43
\@@sep=\skip44
 (index.spl)
("C:\Users\alumno\AppData\Local\Programs\MiKTeX 2.9\tex/latex/natbib\natbib.sty
"
Package: natbib 2010/09/13 8.31b (PWD, AO)
\bibhang=\skip45
\bibsep=\skip46
LaTeX Info: Redefining \cite on input line 694.
\c@NAT@ctr=\count94
)
\splwrite=\write3
\openout3 = `index.spl'.

\appnamewidth=\dimen109
)
("C:\Users\alumno\AppData\Local\Programs\MiKTeX 2.9\tex/generic/babel\babel.sty
"
Package: babel 2019/06/03 3.32 The Babel package

("C:\Users\alumno\AppData\Local\Programs\MiKTeX 2.9\tex/generic/babel\switch.de
f"
File: switch.def 2019/06/03 3.32 Babel switching mechanism
)
*************************************
* Local config file bblopts.cfg used
*
("C:\Users\alumno\AppData\Local\Programs\MiKTeX 2.9\tex/latex/arabi\bblopts.cfg
"
File: bblopts.cfg 2005/09/08 v0.1 add Arabic and Farsi to "declared" options of
 babel
)
("C:\Users\alumno\AppData\Local\Programs\MiKTeX 2.9\tex/latex/babel-spanish\spa
nish.ldf"
Language: spanish.ldf 2016/03/03 v5.0p Spanish support from the babel system

("C:\Users\alumno\AppData\Local\Programs\MiKTeX 2.9\tex/generic/babel\babel.def
"
File: babel.def 2019/06/03 3.32 Babel common definitions
\babel@savecnt=\count95
\U@D=\dimen110

("C:\Users\alumno\AppData\Local\Programs\MiKTeX 2.9\tex/generic/babel\txtbabel.
def")
\bbl@dirlevel=\count96
)
\es@quottoks=\toks17
\es@quotdepth=\count97
Package babel Info: Making " an active character on input line 561.
Package babel Info: Making . an active character on input line 662.
Package babel Info: Making < an active character on input line 707.
Package babel Info: Making > an active character on input line 707.
))
("C:\Users\alumno\AppData\Local\Programs\MiKTeX 2.9\tex/latex/amsfonts\amssymb.
sty"
Package: amssymb 2013/01/14 v3.01 AMS font symbols

("C:\Users\alumno\AppData\Local\Programs\MiKTeX 2.9\tex/latex/amsfonts\amsfonts
.sty"
Package: amsfonts 2013/01/14 v3.01 Basic AMSFonts support
\@emptytoks=\toks18
\symAMSa=\mathgroup4
\symAMSb=\mathgroup5
LaTeX Font Info:    Overwriting math alphabet `\mathfrak' in version `bold'
(Font)                  U/euf/m/n --> U/euf/b/n on input line 106.
))
("C:\Users\alumno\AppData\Local\Programs\MiKTeX 2.9\tex/latex/lineno\lineno.sty
"
Package: lineno 2005/11/02 line numbers on paragraphs v4.41
\linenopenalty=\count98
\output=\toks19
\linenoprevgraf=\count99
\linenumbersep=\dimen111
\linenumberwidth=\dimen112
\c@linenumber=\count100
\c@pagewiselinenumber=\count101
\c@LN@truepage=\count102
\c@internallinenumber=\count103
\c@internallinenumbers=\count104
\quotelinenumbersep=\dimen113
\bframerule=\dimen114
\bframesep=\dimen115
\bframebox=\box33
LaTeX Info: Redefining \\ on input line 3056.
)
("C:\Users\alumno\AppData\Local\Programs\MiKTeX 2.9\tex/latex/base\inputenc.sty
"
Package: inputenc 2018/08/11 v1.3c Input encoding file
\inpenc@prehook=\toks20
\inpenc@posthook=\toks21
) ("C:\Users\alumno\AppData\Local\Programs\MiKTeX 2.9\tex/latex/url\url.sty"
\Urlmuskip=\muskip10
Package: url 2013/09/16  ver 3.4  Verb mode for urls, etc.
)
("C:\Users\alumno\AppData\Local\Programs\MiKTeX 2.9\tex/latex/graphics\color.st
y"
Package: color 2016/07/10 v1.1e Standard LaTeX Color (DPC)

("C:\Users\alumno\AppData\Local\Programs\MiKTeX 2.9\tex/latex/graphics-cfg\colo
r.cfg"
File: color.cfg 2016/01/02 v1.6 sample color configuration
)
Package color Info: Driver file: pdftex.def on input line 147.
)
("C:\Users\alumno\AppData\Local\Programs\MiKTeX 2.9\tex/latex/tools\enumerate.s
ty"
Package: enumerate 2015/07/23 v3.00 enumerate extensions (DPC)
\@enLab=\toks22
)
("C:\Users\alumno\AppData\Local\Programs\MiKTeX 2.9\tex/latex/hyperref\hyperref
.sty"
Package: hyperref 2018/11/30 v6.88e Hypertext links for LaTeX

("C:\Users\alumno\AppData\Local\Programs\MiKTeX 2.9\tex/generic/oberdiek\hobsub
-hyperref.sty"
Package: hobsub-hyperref 2016/05/16 v1.14 Bundle oberdiek, subset hyperref (HO)


("C:\Users\alumno\AppData\Local\Programs\MiKTeX 2.9\tex/generic/oberdiek\hobsub
-generic.sty"
Package: hobsub-generic 2016/05/16 v1.14 Bundle oberdiek, subset generic (HO)
Package: hobsub 2016/05/16 v1.14 Construct package bundles (HO)
Package: infwarerr 2016/05/16 v1.4 Providing info/warning/error messages (HO)
Package: ltxcmds 2016/05/16 v1.23 LaTeX kernel commands for general use (HO)
Package: ifluatex 2016/05/16 v1.4 Provides the ifluatex switch (HO)
Package ifluatex Info: LuaTeX not detected.
Package: ifvtex 2016/05/16 v1.6 Detect VTeX and its facilities (HO)
Package ifvtex Info: VTeX not detected.
Package: intcalc 2016/05/16 v1.2 Expandable calculations with integers (HO)
Package: ifpdf 2018/09/07 v3.3 Provides the ifpdf switch
Package: etexcmds 2016/05/16 v1.6 Avoid name clashes with e-TeX commands (HO)
Package: kvsetkeys 2016/05/16 v1.17 Key value parser (HO)
Package: kvdefinekeys 2016/05/16 v1.4 Define keys (HO)
Package: pdftexcmds 2018/09/10 v0.29 Utility functions of pdfTeX for LuaTeX (HO
)
Package pdftexcmds Info: LuaTeX not detected.
Package pdftexcmds Info: \pdf@primitive is available.
Package pdftexcmds Info: \pdf@ifprimitive is available.
Package pdftexcmds Info: \pdfdraftmode found.
Package: pdfescape 2016/05/16 v1.14 Implements pdfTeX's escape features (HO)
Package: bigintcalc 2016/05/16 v1.4 Expandable calculations on big integers (HO
)
Package: bitset 2016/05/16 v1.2 Handle bit-vector datatype (HO)
Package: uniquecounter 2016/05/16 v1.3 Provide unlimited unique counter (HO)
)
Package hobsub Info: Skipping package `hobsub' (already loaded).
Package: letltxmacro 2016/05/16 v1.5 Let assignment for LaTeX macros (HO)
Package: hopatch 2016/05/16 v1.3 Wrapper for package hooks (HO)
Package: xcolor-patch 2016/05/16 xcolor patch
Package: atveryend 2016/05/16 v1.9 Hooks at the very end of document (HO)
Package atveryend Info: \enddocument detected (standard20110627).
Package: atbegshi 2016/06/09 v1.18 At begin shipout hook (HO)
Package: refcount 2016/05/16 v3.5 Data extraction from label references (HO)
Package: hycolor 2016/05/16 v1.8 Color options for hyperref/bookmark (HO)
)
("C:\Users\alumno\AppData\Local\Programs\MiKTeX 2.9\tex/generic/ifxetex\ifxetex
.sty"
Package: ifxetex 2010/09/12 v0.6 Provides ifxetex conditional
)
("C:\Users\alumno\AppData\Local\Programs\MiKTeX 2.9\tex/latex/oberdiek\auxhook.
sty"
Package: auxhook 2016/05/16 v1.4 Hooks for auxiliary files (HO)
)
("C:\Users\alumno\AppData\Local\Programs\MiKTeX 2.9\tex/latex/oberdiek\kvoption
s.sty"
Package: kvoptions 2016/05/16 v3.12 Key value format for package options (HO)
)
\@linkdim=\dimen116
\Hy@linkcounter=\count105
\Hy@pagecounter=\count106

("C:\Users\alumno\AppData\Local\Programs\MiKTeX 2.9\tex/latex/hyperref\pd1enc.d
ef"
File: pd1enc.def 2018/11/30 v6.88e Hyperref: PDFDocEncoding definition (HO)
Now handling font encoding PD1 ...
... no UTF-8 mapping file for font encoding PD1
)
\Hy@SavedSpaceFactor=\count107

("C:\Users\alumno\AppData\Local\Programs\MiKTeX 2.9\tex/latex/00miktex\hyperref
.cfg"
File: hyperref.cfg 2002/06/06 v1.2 hyperref configuration of TeXLive
)
Package hyperref Info: Hyper figures OFF on input line 4519.
Package hyperref Info: Link nesting OFF on input line 4524.
Package hyperref Info: Hyper index ON on input line 4527.
Package hyperref Info: Plain pages OFF on input line 4534.
Package hyperref Info: Backreferencing OFF on input line 4539.
Package hyperref Info: Implicit mode ON; LaTeX internals redefined.
Package hyperref Info: Bookmarks ON on input line 4772.
\c@Hy@tempcnt=\count108
LaTeX Info: Redefining \url on input line 5125.
\XeTeXLinkMargin=\dimen117
\Fld@menulength=\count109
\Field@Width=\dimen118
\Fld@charsize=\dimen119
Package hyperref Info: Hyper figures OFF on input line 6380.
Package hyperref Info: Link nesting OFF on input line 6385.
Package hyperref Info: Hyper index ON on input line 6388.
Package hyperref Info: backreferencing OFF on input line 6395.
Package hyperref Info: Link coloring OFF on input line 6400.
Package hyperref Info: Link coloring with OCG OFF on input line 6405.
Package hyperref Info: PDF/A mode OFF on input line 6410.
LaTeX Info: Redefining \ref on input line 6450.
LaTeX Info: Redefining \pageref on input line 6454.
\Hy@abspage=\count110
\c@Item=\count111
\c@Hfootnote=\count112
)
Package hyperref Info: Driver (autodetected): hpdftex.

("C:\Users\alumno\AppData\Local\Programs\MiKTeX 2.9\tex/latex/hyperref\hpdftex.
def"
File: hpdftex.def 2018/11/30 v6.88e Hyperref driver for pdfTeX
\Fld@listcount=\count113
\c@bookmark@seq@number=\count114

("C:\Users\alumno\AppData\Local\Programs\MiKTeX 2.9\tex/latex/oberdiek\rerunfil
echeck.sty"
Package: rerunfilecheck 2016/05/16 v1.8 Rerun checks for auxiliary files (HO)
Package uniquecounter Info: New unique counter `rerunfilecheck' on input line 2
82.
)
\Hy@SectionHShift=\skip47
) (index.aux
LaTeX Info: Redefining \. on input line 23.
LaTeX Info: Redefining \% on input line 23.


Package natbib Warning: Citation `Juan' multiply defined.


Package natbib Warning: Citation `Jhordy' multiply defined.


Package natbib Warning: Citation `Jhordy' multiply defined.


Package natbib Warning: Citation `Angelo' multiply defined.

)
\openout1 = `index.aux'.

LaTeX Font Info:    Checking defaults for OML/cmm/m/it on input line 15.
LaTeX Font Info:    ... okay on input line 15.
LaTeX Font Info:    Checking defaults for T1/cmr/m/n on input line 15.
LaTeX Font Info:    ... okay on input line 15.
LaTeX Font Info:    Checking defaults for OT1/cmr/m/n on input line 15.
LaTeX Font Info:    ... okay on input line 15.
LaTeX Font Info:    Checking defaults for OMS/cmsy/m/n on input line 15.
LaTeX Font Info:    ... okay on input line 15.
LaTeX Font Info:    Checking defaults for OMX/cmex/m/n on input line 15.
LaTeX Font Info:    ... okay on input line 15.
LaTeX Font Info:    Checking defaults for U/cmr/m/n on input line 15.
LaTeX Font Info:    ... okay on input line 15.
LaTeX Font Info:    Checking defaults for PD1/pdf/m/n on input line 15.
LaTeX Font Info:    ... okay on input line 15.

("C:\Users\alumno\AppData\Local\Programs\MiKTeX 2.9\tex/context/base/mkii\supp-
pdf.mkii"
[Loading MPS to PDF converter (version 2006.09.02).]
\scratchcounter=\count115
\scratchdimen=\dimen120
\scratchbox=\box34
\nofMPsegments=\count116
\nofMParguments=\count117
\everyMPshowfont=\toks23
\MPscratchCnt=\count118
\MPscratchDim=\dimen121
\MPnumerator=\count119
\makeMPintoPDFobject=\count120
\everyMPtoPDFconversion=\toks24
)
("C:\Users\alumno\AppData\Local\Programs\MiKTeX 2.9\tex/latex/oberdiek\epstopdf
-base.sty"
Package: epstopdf-base 2016/05/15 v2.6 Base part for package epstopdf

("C:\Users\alumno\AppData\Local\Programs\MiKTeX 2.9\tex/latex/oberdiek\grfext.s
ty"
Package: grfext 2016/05/16 v1.2 Manage graphics extensions (HO)
)
Package epstopdf-base Info: Redefining graphics rule for `.eps' on input line 4
38.
Package grfext Info: Graphics extension search list:
(grfext)             [.pdf,.png,.jpg,.mps,.jpeg,.jbig2,.jb2,.PDF,.PNG,.JPG,.JPE
G,.JBIG2,.JB2,.eps]
(grfext)             \AppendGraphicsExtensions on input line 456.
)
LaTeX Info: Redefining \. on input line 15.
LaTeX Info: Redefining \% on input line 15.
\AtBeginShipoutBox=\box35
Package hyperref Info: Link coloring OFF on input line 15.

("C:\Users\alumno\AppData\Local\Programs\MiKTeX 2.9\tex/latex/hyperref\nameref.
sty"
Package: nameref 2016/05/21 v2.44 Cross-referencing by name of section

("C:\Users\alumno\AppData\Local\Programs\MiKTeX 2.9\tex/generic/oberdiek\gettit
lestring.sty"
Package: gettitlestring 2016/05/16 v1.5 Cleanup title references (HO)
)
\c@section@level=\count121
)
LaTeX Info: Redefining \ref on input line 15.
LaTeX Info: Redefining \pageref on input line 15.
LaTeX Info: Redefining \nameref on input line 15.
 (index.out) (index.out)
\@outlinefile=\write4
\openout4 = `index.out'.

LaTeX Font Info:    Try loading font information for U+msa on input line 36.

("C:\Users\alumno\AppData\Local\Programs\MiKTeX 2.9\tex/latex/amsfonts\umsa.fd"
File: umsa.fd 2013/01/14 v3.01 AMS symbols A
)
LaTeX Font Info:    Try loading font information for U+msb on input line 36.
 ("C:\Users\alumno\AppData\Local\Programs\MiKTeX 2.9\tex/latex/amsfonts\umsb.fd
"
File: umsb.fd 2013/01/14 v3.01 AMS symbols B
)
Underfull \hbox (badness 10000) in paragraph at lines 45--48

 []


Overfull \hbox (2.61108pt too wide) has occurred while \output is active
[] 
 []

[1


{C:/Users/alumno/AppData/Local/MiKTeX/2.9/pdftex/config/pdftex.map}]
Underfull \hbox (badness 10000) in paragraph at lines 70--72

 []


Underfull \hbox (badness 10000) in paragraph at lines 80--82

 []

[2]
Underfull \hbox (badness 10000) in paragraph at lines 87--89

 []

<./Imagenes/imagen1.jpg, id=121, 526.96875pt x 279.29344pt>
File: ./Imagenes/imagen1.jpg Graphic file (type jpg)
<use ./Imagenes/imagen1.jpg>
Package pdftex.def Info: ./Imagenes/imagen1.jpg  used on input line 97.
(pdftex.def)             Requested size: 341.43306pt x 180.96751pt.
[3 <./Imagenes/imagen1.jpg>]
Underfull \hbox (badness 10000) in paragraph at lines 104--106

 []

<./Imagenes/imagen2.jpg, id=127, 501.37312pt x 212.29312pt>
File: ./Imagenes/imagen2.jpg Graphic file (type jpg)
<use ./Imagenes/imagen2.jpg>
Package pdftex.def Info: ./Imagenes/imagen2.jpg  used on input line 110.
(pdftex.def)             Requested size: 312.9803pt x 132.53062pt.

Underfull \hbox (badness 10000) in paragraph at lines 116--118

 []

<./Imagenes/imagen3.jpg, id=128, 261.97874pt x 258.21469pt>
File: ./Imagenes/imagen3.jpg Graphic file (type jpg)
<use ./Imagenes/imagen3.jpg>
Package pdftex.def Info: ./Imagenes/imagen3.jpg  used on input line 120.
(pdftex.def)             Requested size: 142.26378pt x 140.22185pt.

Underfull \hbox (badness 10000) in paragraph at lines 123--125

 []

[4 <./Imagenes/imagen2.jpg> <./Imagenes/imagen3.jpg>]
<./Imagenes/imagen4.jpg, id=133, 453.19313pt x 287.57437pt>
File: ./Imagenes/imagen4.jpg Graphic file (type jpg)
<use ./Imagenes/imagen4.jpg>
Package pdftex.def Info: ./Imagenes/imagen4.jpg  used on input line 126.
(pdftex.def)             Requested size: 341.43306pt x 216.65877pt.

Underfull \hbox (badness 10000) in paragraph at lines 137--142

 []

[5 <./Imagenes/imagen4.jpg>] [6]
Underfull \hbox (badness 10000) in paragraph at lines 185--186

 []


Underfull \hbox (badness 10000) in paragraph at lines 187--188

 []

[7]
Underfull \hbox (badness 10000) in paragraph at lines 189--190

 []


Underfull \hbox (badness 10000) in paragraph at lines 193--194

 []


Underfull \hbox (badness 10000) in paragraph at lines 194--195

 []


Underfull \hbox (badness 10000) in paragraph at lines 195--196

 []


Underfull \hbox (badness 10000) in paragraph at lines 196--197

 []

[8]
Underfull \hbox (badness 10000) in paragraph at lines 197--198

 []


Underfull \hbox (badness 10000) in paragraph at lines 198--199

 []


Underfull \hbox (badness 10000) in paragraph at lines 205--206

 []


Underfull \hbox (badness 10000) in paragraph at lines 207--208

 []

[9]
Underfull \hbox (badness 10000) in paragraph at lines 209--210

 []


Underfull \hbox (badness 10000) in paragraph at lines 213--214

 []


Underfull \hbox (badness 10000) in paragraph at lines 215--216

 []


Underfull \hbox (badness 10000) in paragraph at lines 219--220

 []


Underfull \hbox (badness 10000) in paragraph at lines 221--222

 []

[10]
Underfull \hbox (badness 10000) in paragraph at lines 223--224

 []


Underfull \hbox (badness 10000) in paragraph at lines 225--226

 []


Underfull \hbox (badness 10000) in paragraph at lines 229--230

 []


Underfull \hbox (badness 10000) in paragraph at lines 231--232

 []


Underfull \hbox (badness 10000) in paragraph at lines 233--234

 []


Underfull \hbox (badness 10000) in paragraph at lines 235--236

 []

[11]
Underfull \hbox (badness 10000) in paragraph at lines 239--240

 []


Underfull \hbox (badness 10000) in paragraph at lines 241--242

 []


Underfull \hbox (badness 10000) in paragraph at lines 243--244

 []


Underfull \hbox (badness 10000) in paragraph at lines 251--252

 []

[12] [13]
Underfull \hbox (badness 10000) in paragraph at lines 276--277

 []

[14] [15]
Underfull \hbox (badness 10000) in paragraph at lines 307--308
[]\OT1/cmr/m/n/12 https://www.element61.be/en/resource/choice-between-tabular-o
r-
 []


Underfull \hbox (badness 10000) in paragraph at lines 308--309
[]\OT1/cmr/m/n/12 http://softpei.blogspot.com/2016/08/herramientas-para-impleme
ntar-
 []


Underfull \hbox (badness 10000) in paragraph at lines 310--311
[]\OT1/cmr/m/n/12 https://www.dataprix.com/herramientas-para-la-implantacion-un
-
 []


Underfull \hbox (badness 10000) in paragraph at lines 312--313
[]\OT1/cmr/m/n/12 https://blog.powerdata.es/el-valor-de-la-gestion-de-datos/dat
a-lake-vs-
 []


Underfull \hbox (badness 10000) in paragraph at lines 313--314
[]\OT1/cmr/m/n/12 https://www.muycomputerpro.com/2018/08/27/data-lake-data-
 []


Underfull \hbox (badness 10000) in paragraph at lines 315--316
[]\OT1/cmr/m/n/12 https://www.ionos.es/digitalguide/online-marketing/analisis-w
eb/los-
 []


Package natbib Warning: There were multiply defined citations.

Package atveryend Info: Empty hook `BeforeClearDocument' on input line 321.
[16pdfTeX warning (ext4): destination with the same identifier (name{cite.Juan}
) has been already used, duplicate ignored

\AtBegShi@Output ...ipout \box \AtBeginShipoutBox 
                                                  \fi \fi 
l.321 \end{document}
                    pdfTeX warning (ext4): destination with the same identifier
 (name{cite.Jhordy}) has been already used, duplicate ignored

\AtBegShi@Output ...ipout \box \AtBeginShipoutBox 
                                                  \fi \fi 
l.321 \end{document}
                    pdfTeX warning (ext4): destination with the same identifier
 (name{cite.Jhordy}) has been already used, duplicate ignored

\AtBegShi@Output ...ipout \box \AtBeginShipoutBox 
                                                  \fi \fi 
l.321 \end{document}
                    pdfTeX warning (ext4): destination with the same identifier
 (name{cite.Angelo}) has been already used, duplicate ignored

\AtBegShi@Output ...ipout \box \AtBeginShipoutBox 
                                                  \fi \fi 
l.321 \end{document}
                    pdfTeX warning (ext4): destination with the same identifier
 (name{cite.Ronald}) has been already used, duplicate ignored

\AtBegShi@Output ...ipout \box \AtBeginShipoutBox 
                                                  \fi \fi 
l.321 \end{document}
                    ]
Package atveryend Info: Empty hook `AfterLastShipout' on input line 321.
 (index.aux
LaTeX Info: Redefining \. on input line 23.
LaTeX Info: Redefining \% on input line 23.


Package natbib Warning: Citation(s) may have changed.
(natbib)                Rerun to get citations correct.

)
Package atveryend Info: Executing hook `AtVeryEndDocument' on input line 321.
Package atveryend Info: Executing hook `AtEndAfterFileList' on input line 321.
Package rerunfilecheck Info: File `index.out' has not changed.
(rerunfilecheck)             Checksum: 97377554B097A1708C9AF434B07A7CE9;2050.
Package atveryend Info: Empty hook `AtVeryVeryEnd' on input line 321.
 ) 
Here is how much of TeX's memory you used:
 7177 strings out of 492895
 104441 string characters out of 3123268
 204103 words of memory out of 3000000
 10964 multiletter control sequences out of 15000+200000
 9883 words of font info for 37 fonts, out of 3000000 for 9000
 1141 hyphenation exceptions out of 8191
 32i,6n,31p,937b,423s stack positions out of 5000i,500n,10000p,200000b,50000s
<C:/Users/alumno/AppData/Local/Programs/MiKTeX 2.9/fonts/type1/public/amsfont
s/cm/cmbx12.pfb><C:/Users/alumno/AppData/Local/Programs/MiKTeX 2.9/fonts/type1/
public/amsfonts/cm/cmr12.pfb><C:/Users/alumno/AppData/Local/Programs/MiKTeX 2.9
/fonts/type1/public/amsfonts/cm/cmr17.pfb><C:/Users/alumno/AppData/Local/Progra
ms/MiKTeX 2.9/fonts/type1/public/amsfonts/cm/cmr6.pfb><C:/Users/alumno/AppData/
Local/Programs/MiKTeX 2.9/fonts/type1/public/amsfonts/cm/cmr8.pfb><C:/Users/alu
mno/AppData/Local/Programs/MiKTeX 2.9/fonts/type1/public/amsfonts/cm/cmti10.pfb
><C:/Users/alumno/AppData/Local/Programs/MiKTeX 2.9/fonts/type1/public/amsfonts
/cm/cmti12.pfb>
Output written on index.pdf (16 pages, 257637 bytes).
PDF statistics:
 228 PDF objects out of 1000 (max. 8388607)
 49 named destinations out of 1000 (max. 500000)
 229 words of extra memory for PDF output out of 10000 (max. 10000000)

